<?xml version="1.0" encoding="UTF-8"?>
<testsuite xmlns:xsi="http://www.w3.org/2001/XMLSchema-instance" xsi:noNamespaceSchemaLocation="https://maven.apache.org/surefire/maven-surefire-plugin/xsd/surefire-test-report.xsd" name="org.acme.ExampleResourceTest" time="7.02" tests="1" errors="0" skipped="0" failures="1">
  <properties>
    <property name="awt.toolkit" value="sun.awt.X11.XToolkit"/>
    <property name="file.encoding.pkg" value="sun.io"/>
    <property name="java.specification.version" value="1.8"/>
    <property name="sun.cpu.isalist" value=""/>
    <property name="sun.jnu.encoding" value="UTF-8"/>
    <property name="java.class.path" value="/home/joaoseidel/temp/sticker-meetings/backend/target/test-classes:/home/joaoseidel/temp/sticker-meetings/backend/target/classes:/home/joaoseidel/.m2/repository/io/quarkus/quarkus-resteasy/1.1.1.Final/quarkus-resteasy-1.1.1.Final.jar:/home/joaoseidel/.m2/repository/io/quarkus/quarkus-vertx-http/1.1.1.Final/quarkus-vertx-http-1.1.1.Final.jar:/home/joaoseidel/.m2/repository/io/quarkus/security/quarkus-security/1.0.1.Final/quarkus-security-1.0.1.Final.jar:/home/joaoseidel/.m2/repository/jakarta/enterprise/jakarta.enterprise.cdi-api/2.0.2/jakarta.enterprise.cdi-api-2.0.2.jar:/home/joaoseidel/.m2/repository/jakarta/el/jakarta.el-api/3.0.3/jakarta.el-api-3.0.3.jar:/home/joaoseidel/.m2/repository/jakarta/interceptor/jakarta.interceptor-api/1.2.5/jakarta.interceptor-api-1.2.5.jar:/home/joaoseidel/.m2/repository/io/quarkus/quarkus-vertx-core/1.1.1.Final/quarkus-vertx-core-1.1.1.Final.jar:/home/joaoseidel/.m2/repository/io/quarkus/quarkus-netty/1.1.1.Final/quarkus-netty-1.1.1.Final.jar:/home/joaoseidel/.m2/repository/io/netty/netty-codec/4.1.42.Final/netty-codec-4.1.42.Final.jar:/home/joaoseidel/.m2/repository/io/netty/netty-handler/4.1.42.Final/netty-handler-4.1.42.Final.jar:/home/joaoseidel/.m2/repository/io/vertx/vertx-core/3.8.4/vertx-core-3.8.4.jar:/home/joaoseidel/.m2/repository/io/netty/netty-common/4.1.42.Final/netty-common-4.1.42.Final.jar:/home/joaoseidel/.m2/repository/io/netty/netty-buffer/4.1.42.Final/netty-buffer-4.1.42.Final.jar:/home/joaoseidel/.m2/repository/io/netty/netty-transport/4.1.42.Final/netty-transport-4.1.42.Final.jar:/home/joaoseidel/.m2/repository/io/netty/netty-handler-proxy/4.1.42.Final/netty-handler-proxy-4.1.42.Final.jar:/home/joaoseidel/.m2/repository/io/netty/netty-codec-socks/4.1.42.Final/netty-codec-socks-4.1.42.Final.jar:/home/joaoseidel/.m2/repository/io/netty/netty-codec-http/4.1.42.Final/netty-codec-http-4.1.42.Final.jar:/home/joaoseidel/.m2/repository/io/netty/netty-codec-http2/4.1.42.Final/netty-codec-http2-4.1.42.Final.jar:/home/joaoseidel/.m2/repository/io/netty/netty-resolver/4.1.42.Final/netty-resolver-4.1.42.Final.jar:/home/joaoseidel/.m2/repository/io/netty/netty-resolver-dns/4.1.42.Final/netty-resolver-dns-4.1.42.Final.jar:/home/joaoseidel/.m2/repository/io/netty/netty-codec-dns/4.1.42.Final/netty-codec-dns-4.1.42.Final.jar:/home/joaoseidel/.m2/repository/com/fasterxml/jackson/core/jackson-core/2.9.10/jackson-core-2.9.10.jar:/home/joaoseidel/.m2/repository/io/vertx/vertx-web/3.8.4/vertx-web-3.8.4.jar:/home/joaoseidel/.m2/repository/io/vertx/vertx-web-common/3.8.4/vertx-web-common-3.8.4.jar:/home/joaoseidel/.m2/repository/io/vertx/vertx-auth-common/3.8.4/vertx-auth-common-3.8.4.jar:/home/joaoseidel/.m2/repository/io/vertx/vertx-bridge-common/3.8.4/vertx-bridge-common-3.8.4.jar:/home/joaoseidel/.m2/repository/io/quarkus/quarkus-resteasy-server-common/1.1.1.Final/quarkus-resteasy-server-common-1.1.1.Final.jar:/home/joaoseidel/.m2/repository/io/quarkus/quarkus-resteasy-common/1.1.1.Final/quarkus-resteasy-common-1.1.1.Final.jar:/home/joaoseidel/.m2/repository/org/jboss/resteasy/resteasy-core/4.4.1.Final/resteasy-core-4.4.1.Final.jar:/home/joaoseidel/.m2/repository/org/jboss/spec/javax/ws/rs/jboss-jaxrs-api_2.1_spec/2.0.1.Final/jboss-jaxrs-api_2.1_spec-2.0.1.Final.jar:/home/joaoseidel/.m2/repository/org/jboss/spec/javax/xml/bind/jboss-jaxb-api_2.3_spec/2.0.0.Final/jboss-jaxb-api_2.3_spec-2.0.0.Final.jar:/home/joaoseidel/.m2/repository/org/jboss/resteasy/resteasy-core-spi/4.4.1.Final/resteasy-core-spi-4.4.1.Final.jar:/home/joaoseidel/.m2/repository/org/reactivestreams/reactive-streams/1.0.3/reactive-streams-1.0.3.jar:/home/joaoseidel/.m2/repository/com/sun/activation/jakarta.activation/1.2.1/jakarta.activation-1.2.1.jar:/home/joaoseidel/.m2/repository/jakarta/validation/jakarta.validation-api/2.0.2/jakarta.validation-api-2.0.2.jar:/home/joaoseidel/.m2/repository/io/quarkus/quarkus-junit5/1.1.1.Final/quarkus-junit5-1.1.1.Final.jar:/home/joaoseidel/.m2/repository/io/quarkus/quarkus-bootstrap-core/1.1.1.Final/quarkus-bootstrap-core-1.1.1.Final.jar:/home/joaoseidel/.m2/repository/com/google/guava/guava/27.0.1-jre/guava-27.0.1-jre.jar:/home/joaoseidel/.m2/repository/com/google/guava/failureaccess/1.0.1/failureaccess-1.0.1.jar:/home/joaoseidel/.m2/repository/com/google/guava/listenablefuture/9999.0-empty-to-avoid-conflict-with-guava/listenablefuture-9999.0-empty-to-avoid-conflict-with-guava.jar:/home/joaoseidel/.m2/repository/com/google/code/findbugs/jsr305/3.0.2/jsr305-3.0.2.jar:/home/joaoseidel/.m2/repository/org/checkerframework/checker-qual/2.5.2/checker-qual-2.5.2.jar:/home/joaoseidel/.m2/repository/com/google/errorprone/error_prone_annotations/2.2.0/error_prone_annotations-2.2.0.jar:/home/joaoseidel/.m2/repository/com/google/j2objc/j2objc-annotations/1.1/j2objc-annotations-1.1.jar:/home/joaoseidel/.m2/repository/org/codehaus/mojo/animal-sniffer-annotations/1.17/animal-sniffer-annotations-1.17.jar:/home/joaoseidel/.m2/repository/org/apache/commons/commons-lang3/3.9/commons-lang3-3.9.jar:/home/joaoseidel/.m2/repository/org/apache/maven/maven-embedder/3.5.4/maven-embedder-3.5.4.jar:/home/joaoseidel/.m2/repository/org/apache/maven/maven-settings/3.5.4/maven-settings-3.5.4.jar:/home/joaoseidel/.m2/repository/org/apache/maven/maven-core/3.5.4/maven-core-3.5.4.jar:/home/joaoseidel/.m2/repository/org/apache/maven/maven-artifact/3.5.4/maven-artifact-3.5.4.jar:/home/joaoseidel/.m2/repository/org/apache/maven/maven-plugin-api/3.5.4/maven-plugin-api-3.5.4.jar:/home/joaoseidel/.m2/repository/org/apache/maven/maven-model/3.5.4/maven-model-3.5.4.jar:/home/joaoseidel/.m2/repository/org/apache/maven/maven-model-builder/3.5.4/maven-model-builder-3.5.4.jar:/home/joaoseidel/.m2/repository/org/apache/maven/maven-builder-support/3.5.4/maven-builder-support-3.5.4.jar:/home/joaoseidel/.m2/repository/org/apache/maven/resolver/maven-resolver-api/1.1.1/maven-resolver-api-1.1.1.jar:/home/joaoseidel/.m2/repository/org/apache/maven/resolver/maven-resolver-util/1.1.1/maven-resolver-util-1.1.1.jar:/home/joaoseidel/.m2/repository/org/apache/maven/shared/maven-shared-utils/3.2.1/maven-shared-utils-3.2.1.jar:/home/joaoseidel/.m2/repository/commons-io/commons-io/2.6/commons-io-2.6.jar:/home/joaoseidel/.m2/repository/com/google/inject/guice/4.2.0/guice-4.2.0-no_aop.jar:/home/joaoseidel/.m2/repository/aopalliance/aopalliance/1.0/aopalliance-1.0.jar:/home/joaoseidel/.m2/repository/org/codehaus/plexus/plexus-utils/3.0.24/plexus-utils-3.0.24.jar:/home/joaoseidel/.m2/repository/org/codehaus/plexus/plexus-classworlds/2.5.2/plexus-classworlds-2.5.2.jar:/home/joaoseidel/.m2/repository/org/eclipse/sisu/org.eclipse.sisu.plexus/0.3.3/org.eclipse.sisu.plexus-0.3.3.jar:/home/joaoseidel/.m2/repository/org/codehaus/plexus/plexus-component-annotations/1.7.1/plexus-component-annotations-1.7.1.jar:/home/joaoseidel/.m2/repository/commons-cli/commons-cli/1.4/commons-cli-1.4.jar:/home/joaoseidel/.m2/repository/jakarta/annotation/jakarta.annotation-api/1.3.5/jakarta.annotation-api-1.3.5.jar:/home/joaoseidel/.m2/repository/jakarta/inject/jakarta.inject-api/1.0/jakarta.inject-api-1.0.jar:/home/joaoseidel/.m2/repository/org/apache/maven/maven-settings-builder/3.5.4/maven-settings-builder-3.5.4.jar:/home/joaoseidel/.m2/repository/org/codehaus/plexus/plexus-interpolation/1.24/plexus-interpolation-1.24.jar:/home/joaoseidel/.m2/repository/org/sonatype/plexus/plexus-sec-dispatcher/1.4/plexus-sec-dispatcher-1.4.jar:/home/joaoseidel/.m2/repository/org/sonatype/plexus/plexus-cipher/1.4/plexus-cipher-1.4.jar:/home/joaoseidel/.m2/repository/org/apache/maven/maven-resolver-provider/3.5.4/maven-resolver-provider-3.5.4.jar:/home/joaoseidel/.m2/repository/org/apache/maven/maven-repository-metadata/3.5.4/maven-repository-metadata-3.5.4.jar:/home/joaoseidel/.m2/repository/org/apache/maven/resolver/maven-resolver-spi/1.1.1/maven-resolver-spi-1.1.1.jar:/home/joaoseidel/.m2/repository/org/apache/maven/resolver/maven-resolver-impl/1.1.1/maven-resolver-impl-1.1.1.jar:/home/joaoseidel/.m2/repository/org/apache/maven/resolver/maven-resolver-connector-basic/1.1.1/maven-resolver-connector-basic-1.1.1.jar:/home/joaoseidel/.m2/repository/org/apache/maven/resolver/maven-resolver-transport-wagon/1.1.1/maven-resolver-transport-wagon-1.1.1.jar:/home/joaoseidel/.m2/repository/org/apache/maven/wagon/wagon-provider-api/3.0.0/wagon-provider-api-3.0.0.jar:/home/joaoseidel/.m2/repository/org/apache/maven/wagon/wagon-http/3.0.0/wagon-http-3.0.0.jar:/home/joaoseidel/.m2/repository/org/apache/maven/wagon/wagon-http-shared/3.0.0/wagon-http-shared-3.0.0.jar:/home/joaoseidel/.m2/repository/org/jsoup/jsoup/1.7.2/jsoup-1.7.2.jar:/home/joaoseidel/.m2/repository/org/apache/maven/wagon/wagon-file/3.0.0/wagon-file-3.0.0.jar:/home/joaoseidel/.m2/repository/org/jboss/logging/jboss-logging/3.3.2.Final/jboss-logging-3.3.2.Final.jar:/home/joaoseidel/.m2/repository/org/jboss/logging/commons-logging-jboss-logging/1.0.0.Final/commons-logging-jboss-logging-1.0.0.Final.jar:/home/joaoseidel/.m2/repository/io/quarkus/quarkus-test-common/1.1.1.Final/quarkus-test-common-1.1.1.Final.jar:/home/joaoseidel/.m2/repository/io/quarkus/quarkus-core-deployment/1.1.1.Final/quarkus-core-deployment-1.1.1.Final.jar:/home/joaoseidel/.m2/repository/io/quarkus/gizmo/gizmo/1.0.0.Final/gizmo-1.0.0.Final.jar:/home/joaoseidel/.m2/repository/org/ow2/asm/asm-util/7.1/asm-util-7.1.jar:/home/joaoseidel/.m2/repository/org/ow2/asm/asm-tree/7.1/asm-tree-7.1.jar:/home/joaoseidel/.m2/repository/org/ow2/asm/asm-analysis/7.1/asm-analysis-7.1.jar:/home/joaoseidel/.m2/repository/org/ow2/asm/asm/7.1/asm-7.1.jar:/home/joaoseidel/.m2/repository/io/quarkus/quarkus-builder/1.1.1.Final/quarkus-builder-1.1.1.Final.jar:/home/joaoseidel/.m2/repository/io/quarkus/quarkus-jsonp-deployment/1.1.1.Final/quarkus-jsonp-deployment-1.1.1.Final.jar:/home/joaoseidel/.m2/repository/io/quarkus/quarkus-jsonp/1.1.1.Final/quarkus-jsonp-1.1.1.Final.jar:/home/joaoseidel/.m2/repository/org/glassfish/jakarta.json/1.1.6/jakarta.json-1.1.6.jar:/home/joaoseidel/.m2/repository/org/jboss/jandex/2.1.2.Final/jandex-2.1.2.Final.jar:/home/joaoseidel/.m2/repository/org/junit/jupiter/junit-jupiter/5.5.2/junit-jupiter-5.5.2.jar:/home/joaoseidel/.m2/repository/org/junit/jupiter/junit-jupiter-api/5.5.2/junit-jupiter-api-5.5.2.jar:/home/joaoseidel/.m2/repository/org/apiguardian/apiguardian-api/1.1.0/apiguardian-api-1.1.0.jar:/home/joaoseidel/.m2/repository/org/opentest4j/opentest4j/1.2.0/opentest4j-1.2.0.jar:/home/joaoseidel/.m2/repository/org/junit/platform/junit-platform-commons/1.5.2/junit-platform-commons-1.5.2.jar:/home/joaoseidel/.m2/repository/org/junit/jupiter/junit-jupiter-params/5.5.2/junit-jupiter-params-5.5.2.jar:/home/joaoseidel/.m2/repository/org/junit/jupiter/junit-jupiter-engine/5.5.2/junit-jupiter-engine-5.5.2.jar:/home/joaoseidel/.m2/repository/org/junit/platform/junit-platform-engine/1.5.2/junit-platform-engine-1.5.2.jar:/home/joaoseidel/.m2/repository/io/quarkus/quarkus-core/1.1.1.Final/quarkus-core-1.1.1.Final.jar:/home/joaoseidel/.m2/repository/io/smallrye/config/smallrye-config/1.5.1/smallrye-config-1.5.1.jar:/home/joaoseidel/.m2/repository/org/jboss/logmanager/jboss-logmanager-embedded/1.0.4/jboss-logmanager-embedded-1.0.4.jar:/home/joaoseidel/.m2/repository/org/jboss/logging/jboss-logging-annotations/2.1.0.Final/jboss-logging-annotations-2.1.0.Final.jar:/home/joaoseidel/.m2/repository/org/jboss/threads/jboss-threads/3.0.0.Final/jboss-threads-3.0.0.Final.jar:/home/joaoseidel/.m2/repository/org/slf4j/slf4j-api/1.7.29/slf4j-api-1.7.29.jar:/home/joaoseidel/.m2/repository/org/jboss/slf4j/slf4j-jboss-logging/1.2.0.Final/slf4j-jboss-logging-1.2.0.Final.jar:/home/joaoseidel/.m2/repository/org/graalvm/sdk/graal-sdk/19.2.1/graal-sdk-19.2.1.jar:/home/joaoseidel/.m2/repository/org/wildfly/common/wildfly-common/1.5.0.Final-format-001/wildfly-common-1.5.0.Final-format-001.jar:/home/joaoseidel/.m2/repository/io/rest-assured/rest-assured/4.1.2/rest-assured-4.1.2.jar:/home/joaoseidel/.m2/repository/org/codehaus/groovy/groovy/2.5.8/groovy-2.5.8.jar:/home/joaoseidel/.m2/repository/org/codehaus/groovy/groovy-xml/2.5.8/groovy-xml-2.5.8.jar:/home/joaoseidel/.m2/repository/org/apache/httpcomponents/httpclient/4.5.10/httpclient-4.5.10.jar:/home/joaoseidel/.m2/repository/org/apache/httpcomponents/httpcore/4.4.12/httpcore-4.4.12.jar:/home/joaoseidel/.m2/repository/commons-codec/commons-codec/1.13/commons-codec-1.13.jar:/home/joaoseidel/.m2/repository/org/apache/httpcomponents/httpmime/4.5.3/httpmime-4.5.3.jar:/home/joaoseidel/.m2/repository/org/hamcrest/hamcrest/2.1/hamcrest-2.1.jar:/home/joaoseidel/.m2/repository/org/ccil/cowan/tagsoup/tagsoup/1.2.1/tagsoup-1.2.1.jar:/home/joaoseidel/.m2/repository/io/rest-assured/json-path/4.1.2/json-path-4.1.2.jar:/home/joaoseidel/.m2/repository/org/codehaus/groovy/groovy-json/2.5.8/groovy-json-2.5.8.jar:/home/joaoseidel/.m2/repository/io/rest-assured/rest-assured-common/4.1.2/rest-assured-common-4.1.2.jar:/home/joaoseidel/.m2/repository/io/rest-assured/xml-path/4.1.2/xml-path-4.1.2.jar:/home/joaoseidel/.m2/repository/javax/xml/bind/jaxb-api/2.3.1/jaxb-api-2.3.1.jar:/home/joaoseidel/.m2/repository/org/apache/sling/org.apache.sling.javax.activation/0.1.0/org.apache.sling.javax.activation-0.1.0.jar:/home/joaoseidel/.m2/repository/io/quarkus/quarkus-config-yaml/1.1.1.Final/quarkus-config-yaml-1.1.1.Final.jar:/home/joaoseidel/.m2/repository/io/smallrye/config/smallrye-config-source-yaml/1.5.1/smallrye-config-source-yaml-1.5.1.jar:/home/joaoseidel/.m2/repository/org/yaml/snakeyaml/1.25/snakeyaml-1.25.jar:/home/joaoseidel/.m2/repository/io/smallrye/config/smallrye-config-common/1.5.1/smallrye-config-common-1.5.1.jar:/home/joaoseidel/.m2/repository/org/eclipse/microprofile/config/microprofile-config-api/1.3/microprofile-config-api-1.3.jar:/home/joaoseidel/.m2/repository/io/quarkus/quarkus-hibernate-orm-panache/1.1.1.Final/quarkus-hibernate-orm-panache-1.1.1.Final.jar:/home/joaoseidel/.m2/repository/io/quarkus/quarkus-hibernate-orm/1.1.1.Final/quarkus-hibernate-orm-1.1.1.Final.jar:/home/joaoseidel/.m2/repository/io/quarkus/quarkus-agroal/1.1.1.Final/quarkus-agroal-1.1.1.Final.jar:/home/joaoseidel/.m2/repository/org/jboss/narayana/jta/narayana-jta/5.10.0.Final/narayana-jta-5.10.0.Final.jar:/home/joaoseidel/.m2/repository/org/jboss/jboss-transaction-spi/7.6.0.Final/jboss-transaction-spi-7.6.0.Final.jar:/home/joaoseidel/.m2/repository/org/jboss/spec/javax/resource/jboss-connector-api_1.7_spec/1.0.0.Final/jboss-connector-api_1.7_spec-1.0.0.Final.jar:/home/joaoseidel/.m2/repository/org/jboss/narayana/jts/narayana-jts-integration/5.10.0.Final/narayana-jts-integration-5.10.0.Final.jar:/home/joaoseidel/.m2/repository/io/agroal/agroal-api/1.7/agroal-api-1.7.jar:/home/joaoseidel/.m2/repository/io/agroal/agroal-narayana/1.7/agroal-narayana-1.7.jar:/home/joaoseidel/.m2/repository/io/agroal/agroal-pool/1.7/agroal-pool-1.7.jar:/home/joaoseidel/.m2/repository/io/quarkus/quarkus-vault-spi/1.1.1.Final/quarkus-vault-spi-1.1.1.Final.jar:/home/joaoseidel/.m2/repository/io/quarkus/quarkus-narayana-jta/1.1.1.Final/quarkus-narayana-jta-1.1.1.Final.jar:/home/joaoseidel/.m2/repository/io/smallrye/reactive/smallrye-reactive-streams-operators/1.0.10/smallrye-reactive-streams-operators-1.0.10.jar:/home/joaoseidel/.m2/repository/org/eclipse/microprofile/reactive-streams-operators/microprofile-reactive-streams-operators-api/1.0/microprofile-reactive-streams-operators-api-1.0.jar:/home/joaoseidel/.m2/repository/org/eclipse/microprofile/reactive-streams-operators/microprofile-reactive-streams-operators-core/1.0/microprofile-reactive-streams-operators-core-1.0.jar:/home/joaoseidel/.m2/repository/io/reactivex/rxjava2/rxjava/2.2.15/rxjava-2.2.15.jar:/home/joaoseidel/.m2/repository/io/smallrye/smallrye-context-propagation-jta/1.0.11/smallrye-context-propagation-jta-1.0.11.jar:/home/joaoseidel/.m2/repository/io/smallrye/reactive/smallrye-reactive-converter-api/1.0.10/smallrye-reactive-converter-api-1.0.10.jar:/home/joaoseidel/.m2/repository/org/hibernate/hibernate-core/5.4.10.Final/hibernate-core-5.4.10.Final.jar:/home/joaoseidel/.m2/repository/net/bytebuddy/byte-buddy/1.10.2/byte-buddy-1.10.2.jar:/home/joaoseidel/.m2/repository/antlr/antlr/2.7.7/antlr-2.7.7.jar:/home/joaoseidel/.m2/repository/com/fasterxml/classmate/1.3.4/classmate-1.3.4.jar:/home/joaoseidel/.m2/repository/org/dom4j/dom4j/2.1.1/dom4j-2.1.1.jar:/home/joaoseidel/.m2/repository/org/hibernate/common/hibernate-commons-annotations/5.1.0.Final/hibernate-commons-annotations-5.1.0.Final.jar:/home/joaoseidel/.m2/repository/jakarta/persistence/jakarta.persistence-api/2.2.3/jakarta.persistence-api-2.2.3.jar:/home/joaoseidel/.m2/repository/jakarta/transaction/jakarta.transaction-api/1.3.3/jakarta.transaction-api-1.3.3.jar:/home/joaoseidel/.m2/repository/org/hibernate/quarkus-local-cache/0.1.0/quarkus-local-cache-0.1.0.jar:/home/joaoseidel/.m2/repository/com/github/ben-manes/caffeine/caffeine/2.6.2/caffeine-2.6.2.jar:/home/joaoseidel/.m2/repository/io/quarkus/quarkus-caffeine/1.1.1.Final/quarkus-caffeine-1.1.1.Final.jar:/home/joaoseidel/.m2/repository/io/quarkus/quarkus-arc/1.1.1.Final/quarkus-arc-1.1.1.Final.jar:/home/joaoseidel/.m2/repository/io/quarkus/arc/arc/1.1.1.Final/arc-1.1.1.Final.jar:/home/joaoseidel/.m2/repository/org/eclipse/microprofile/context-propagation/microprofile-context-propagation-api/1.0.1/microprofile-context-propagation-api-1.0.1.jar:/home/joaoseidel/.m2/repository/io/quarkus/quarkus-panache-common/1.1.1.Final/quarkus-panache-common-1.1.1.Final.jar:/home/joaoseidel/.m2/repository/com/google/code/gson/gson/2.8.6/gson-2.8.6.jar:/home/joaoseidel/.m2/repository/io/quarkus/quarkus-jdbc-mysql/1.1.1.Final/quarkus-jdbc-mysql-1.1.1.Final.jar:/home/joaoseidel/.m2/repository/mysql/mysql-connector-java/8.0.18/mysql-connector-java-8.0.18.jar:/home/joaoseidel/.m2/repository/com/google/protobuf/protobuf-java/3.6.1/protobuf-java-3.6.1.jar:"/>
    <property name="java.vm.vendor" value="Oracle Corporation"/>
    <property name="sun.arch.data.model" value="64"/>
    <property name="java.vendor.url" value="http://java.oracle.com/"/>
    <property name="user.timezone" value=""/>
    <property name="java.vm.specification.version" value="1.8"/>
    <property name="os.name" value="Linux"/>
    <property name="user.country" value="US"/>
    <property name="sun.java.launcher" value="SUN_STANDARD"/>
    <property name="sun.boot.library.path" value="/home/joaoseidel/.sdkman/candidates/java/8.0.232-open/jre/lib/amd64"/>
    <property name="sun.java.command" value="/home/joaoseidel/temp/sticker-meetings/backend/target/surefire/surefirebooter138406945242651599.jar /home/joaoseidel/temp/sticker-meetings/backend/target/surefire 2020-01-16T13-10-56_815-jvmRun1 surefire733595466075918956tmp surefire_04501191061041345390tmp"/>
    <property name="surefire.test.class.path" value="/home/joaoseidel/temp/sticker-meetings/backend/target/test-classes:/home/joaoseidel/temp/sticker-meetings/backend/target/classes:/home/joaoseidel/.m2/repository/io/quarkus/quarkus-resteasy/1.1.1.Final/quarkus-resteasy-1.1.1.Final.jar:/home/joaoseidel/.m2/repository/io/quarkus/quarkus-vertx-http/1.1.1.Final/quarkus-vertx-http-1.1.1.Final.jar:/home/joaoseidel/.m2/repository/io/quarkus/security/quarkus-security/1.0.1.Final/quarkus-security-1.0.1.Final.jar:/home/joaoseidel/.m2/repository/jakarta/enterprise/jakarta.enterprise.cdi-api/2.0.2/jakarta.enterprise.cdi-api-2.0.2.jar:/home/joaoseidel/.m2/repository/jakarta/el/jakarta.el-api/3.0.3/jakarta.el-api-3.0.3.jar:/home/joaoseidel/.m2/repository/jakarta/interceptor/jakarta.interceptor-api/1.2.5/jakarta.interceptor-api-1.2.5.jar:/home/joaoseidel/.m2/repository/io/quarkus/quarkus-vertx-core/1.1.1.Final/quarkus-vertx-core-1.1.1.Final.jar:/home/joaoseidel/.m2/repository/io/quarkus/quarkus-netty/1.1.1.Final/quarkus-netty-1.1.1.Final.jar:/home/joaoseidel/.m2/repository/io/netty/netty-codec/4.1.42.Final/netty-codec-4.1.42.Final.jar:/home/joaoseidel/.m2/repository/io/netty/netty-handler/4.1.42.Final/netty-handler-4.1.42.Final.jar:/home/joaoseidel/.m2/repository/io/vertx/vertx-core/3.8.4/vertx-core-3.8.4.jar:/home/joaoseidel/.m2/repository/io/netty/netty-common/4.1.42.Final/netty-common-4.1.42.Final.jar:/home/joaoseidel/.m2/repository/io/netty/netty-buffer/4.1.42.Final/netty-buffer-4.1.42.Final.jar:/home/joaoseidel/.m2/repository/io/netty/netty-transport/4.1.42.Final/netty-transport-4.1.42.Final.jar:/home/joaoseidel/.m2/repository/io/netty/netty-handler-proxy/4.1.42.Final/netty-handler-proxy-4.1.42.Final.jar:/home/joaoseidel/.m2/repository/io/netty/netty-codec-socks/4.1.42.Final/netty-codec-socks-4.1.42.Final.jar:/home/joaoseidel/.m2/repository/io/netty/netty-codec-http/4.1.42.Final/netty-codec-http-4.1.42.Final.jar:/home/joaoseidel/.m2/repository/io/netty/netty-codec-http2/4.1.42.Final/netty-codec-http2-4.1.42.Final.jar:/home/joaoseidel/.m2/repository/io/netty/netty-resolver/4.1.42.Final/netty-resolver-4.1.42.Final.jar:/home/joaoseidel/.m2/repository/io/netty/netty-resolver-dns/4.1.42.Final/netty-resolver-dns-4.1.42.Final.jar:/home/joaoseidel/.m2/repository/io/netty/netty-codec-dns/4.1.42.Final/netty-codec-dns-4.1.42.Final.jar:/home/joaoseidel/.m2/repository/com/fasterxml/jackson/core/jackson-core/2.9.10/jackson-core-2.9.10.jar:/home/joaoseidel/.m2/repository/io/vertx/vertx-web/3.8.4/vertx-web-3.8.4.jar:/home/joaoseidel/.m2/repository/io/vertx/vertx-web-common/3.8.4/vertx-web-common-3.8.4.jar:/home/joaoseidel/.m2/repository/io/vertx/vertx-auth-common/3.8.4/vertx-auth-common-3.8.4.jar:/home/joaoseidel/.m2/repository/io/vertx/vertx-bridge-common/3.8.4/vertx-bridge-common-3.8.4.jar:/home/joaoseidel/.m2/repository/io/quarkus/quarkus-resteasy-server-common/1.1.1.Final/quarkus-resteasy-server-common-1.1.1.Final.jar:/home/joaoseidel/.m2/repository/io/quarkus/quarkus-resteasy-common/1.1.1.Final/quarkus-resteasy-common-1.1.1.Final.jar:/home/joaoseidel/.m2/repository/org/jboss/resteasy/resteasy-core/4.4.1.Final/resteasy-core-4.4.1.Final.jar:/home/joaoseidel/.m2/repository/org/jboss/spec/javax/ws/rs/jboss-jaxrs-api_2.1_spec/2.0.1.Final/jboss-jaxrs-api_2.1_spec-2.0.1.Final.jar:/home/joaoseidel/.m2/repository/org/jboss/spec/javax/xml/bind/jboss-jaxb-api_2.3_spec/2.0.0.Final/jboss-jaxb-api_2.3_spec-2.0.0.Final.jar:/home/joaoseidel/.m2/repository/org/jboss/resteasy/resteasy-core-spi/4.4.1.Final/resteasy-core-spi-4.4.1.Final.jar:/home/joaoseidel/.m2/repository/org/reactivestreams/reactive-streams/1.0.3/reactive-streams-1.0.3.jar:/home/joaoseidel/.m2/repository/com/sun/activation/jakarta.activation/1.2.1/jakarta.activation-1.2.1.jar:/home/joaoseidel/.m2/repository/jakarta/validation/jakarta.validation-api/2.0.2/jakarta.validation-api-2.0.2.jar:/home/joaoseidel/.m2/repository/io/quarkus/quarkus-junit5/1.1.1.Final/quarkus-junit5-1.1.1.Final.jar:/home/joaoseidel/.m2/repository/io/quarkus/quarkus-bootstrap-core/1.1.1.Final/quarkus-bootstrap-core-1.1.1.Final.jar:/home/joaoseidel/.m2/repository/com/google/guava/guava/27.0.1-jre/guava-27.0.1-jre.jar:/home/joaoseidel/.m2/repository/com/google/guava/failureaccess/1.0.1/failureaccess-1.0.1.jar:/home/joaoseidel/.m2/repository/com/google/guava/listenablefuture/9999.0-empty-to-avoid-conflict-with-guava/listenablefuture-9999.0-empty-to-avoid-conflict-with-guava.jar:/home/joaoseidel/.m2/repository/com/google/code/findbugs/jsr305/3.0.2/jsr305-3.0.2.jar:/home/joaoseidel/.m2/repository/org/checkerframework/checker-qual/2.5.2/checker-qual-2.5.2.jar:/home/joaoseidel/.m2/repository/com/google/errorprone/error_prone_annotations/2.2.0/error_prone_annotations-2.2.0.jar:/home/joaoseidel/.m2/repository/com/google/j2objc/j2objc-annotations/1.1/j2objc-annotations-1.1.jar:/home/joaoseidel/.m2/repository/org/codehaus/mojo/animal-sniffer-annotations/1.17/animal-sniffer-annotations-1.17.jar:/home/joaoseidel/.m2/repository/org/apache/commons/commons-lang3/3.9/commons-lang3-3.9.jar:/home/joaoseidel/.m2/repository/org/apache/maven/maven-embedder/3.5.4/maven-embedder-3.5.4.jar:/home/joaoseidel/.m2/repository/org/apache/maven/maven-settings/3.5.4/maven-settings-3.5.4.jar:/home/joaoseidel/.m2/repository/org/apache/maven/maven-core/3.5.4/maven-core-3.5.4.jar:/home/joaoseidel/.m2/repository/org/apache/maven/maven-artifact/3.5.4/maven-artifact-3.5.4.jar:/home/joaoseidel/.m2/repository/org/apache/maven/maven-plugin-api/3.5.4/maven-plugin-api-3.5.4.jar:/home/joaoseidel/.m2/repository/org/apache/maven/maven-model/3.5.4/maven-model-3.5.4.jar:/home/joaoseidel/.m2/repository/org/apache/maven/maven-model-builder/3.5.4/maven-model-builder-3.5.4.jar:/home/joaoseidel/.m2/repository/org/apache/maven/maven-builder-support/3.5.4/maven-builder-support-3.5.4.jar:/home/joaoseidel/.m2/repository/org/apache/maven/resolver/maven-resolver-api/1.1.1/maven-resolver-api-1.1.1.jar:/home/joaoseidel/.m2/repository/org/apache/maven/resolver/maven-resolver-util/1.1.1/maven-resolver-util-1.1.1.jar:/home/joaoseidel/.m2/repository/org/apache/maven/shared/maven-shared-utils/3.2.1/maven-shared-utils-3.2.1.jar:/home/joaoseidel/.m2/repository/commons-io/commons-io/2.6/commons-io-2.6.jar:/home/joaoseidel/.m2/repository/com/google/inject/guice/4.2.0/guice-4.2.0-no_aop.jar:/home/joaoseidel/.m2/repository/aopalliance/aopalliance/1.0/aopalliance-1.0.jar:/home/joaoseidel/.m2/repository/org/codehaus/plexus/plexus-utils/3.0.24/plexus-utils-3.0.24.jar:/home/joaoseidel/.m2/repository/org/codehaus/plexus/plexus-classworlds/2.5.2/plexus-classworlds-2.5.2.jar:/home/joaoseidel/.m2/repository/org/eclipse/sisu/org.eclipse.sisu.plexus/0.3.3/org.eclipse.sisu.plexus-0.3.3.jar:/home/joaoseidel/.m2/repository/org/codehaus/plexus/plexus-component-annotations/1.7.1/plexus-component-annotations-1.7.1.jar:/home/joaoseidel/.m2/repository/commons-cli/commons-cli/1.4/commons-cli-1.4.jar:/home/joaoseidel/.m2/repository/jakarta/annotation/jakarta.annotation-api/1.3.5/jakarta.annotation-api-1.3.5.jar:/home/joaoseidel/.m2/repository/jakarta/inject/jakarta.inject-api/1.0/jakarta.inject-api-1.0.jar:/home/joaoseidel/.m2/repository/org/apache/maven/maven-settings-builder/3.5.4/maven-settings-builder-3.5.4.jar:/home/joaoseidel/.m2/repository/org/codehaus/plexus/plexus-interpolation/1.24/plexus-interpolation-1.24.jar:/home/joaoseidel/.m2/repository/org/sonatype/plexus/plexus-sec-dispatcher/1.4/plexus-sec-dispatcher-1.4.jar:/home/joaoseidel/.m2/repository/org/sonatype/plexus/plexus-cipher/1.4/plexus-cipher-1.4.jar:/home/joaoseidel/.m2/repository/org/apache/maven/maven-resolver-provider/3.5.4/maven-resolver-provider-3.5.4.jar:/home/joaoseidel/.m2/repository/org/apache/maven/maven-repository-metadata/3.5.4/maven-repository-metadata-3.5.4.jar:/home/joaoseidel/.m2/repository/org/apache/maven/resolver/maven-resolver-spi/1.1.1/maven-resolver-spi-1.1.1.jar:/home/joaoseidel/.m2/repository/org/apache/maven/resolver/maven-resolver-impl/1.1.1/maven-resolver-impl-1.1.1.jar:/home/joaoseidel/.m2/repository/org/apache/maven/resolver/maven-resolver-connector-basic/1.1.1/maven-resolver-connector-basic-1.1.1.jar:/home/joaoseidel/.m2/repository/org/apache/maven/resolver/maven-resolver-transport-wagon/1.1.1/maven-resolver-transport-wagon-1.1.1.jar:/home/joaoseidel/.m2/repository/org/apache/maven/wagon/wagon-provider-api/3.0.0/wagon-provider-api-3.0.0.jar:/home/joaoseidel/.m2/repository/org/apache/maven/wagon/wagon-http/3.0.0/wagon-http-3.0.0.jar:/home/joaoseidel/.m2/repository/org/apache/maven/wagon/wagon-http-shared/3.0.0/wagon-http-shared-3.0.0.jar:/home/joaoseidel/.m2/repository/org/jsoup/jsoup/1.7.2/jsoup-1.7.2.jar:/home/joaoseidel/.m2/repository/org/apache/maven/wagon/wagon-file/3.0.0/wagon-file-3.0.0.jar:/home/joaoseidel/.m2/repository/org/jboss/logging/jboss-logging/3.3.2.Final/jboss-logging-3.3.2.Final.jar:/home/joaoseidel/.m2/repository/org/jboss/logging/commons-logging-jboss-logging/1.0.0.Final/commons-logging-jboss-logging-1.0.0.Final.jar:/home/joaoseidel/.m2/repository/io/quarkus/quarkus-test-common/1.1.1.Final/quarkus-test-common-1.1.1.Final.jar:/home/joaoseidel/.m2/repository/io/quarkus/quarkus-core-deployment/1.1.1.Final/quarkus-core-deployment-1.1.1.Final.jar:/home/joaoseidel/.m2/repository/io/quarkus/gizmo/gizmo/1.0.0.Final/gizmo-1.0.0.Final.jar:/home/joaoseidel/.m2/repository/org/ow2/asm/asm-util/7.1/asm-util-7.1.jar:/home/joaoseidel/.m2/repository/org/ow2/asm/asm-tree/7.1/asm-tree-7.1.jar:/home/joaoseidel/.m2/repository/org/ow2/asm/asm-analysis/7.1/asm-analysis-7.1.jar:/home/joaoseidel/.m2/repository/org/ow2/asm/asm/7.1/asm-7.1.jar:/home/joaoseidel/.m2/repository/io/quarkus/quarkus-builder/1.1.1.Final/quarkus-builder-1.1.1.Final.jar:/home/joaoseidel/.m2/repository/io/quarkus/quarkus-jsonp-deployment/1.1.1.Final/quarkus-jsonp-deployment-1.1.1.Final.jar:/home/joaoseidel/.m2/repository/io/quarkus/quarkus-jsonp/1.1.1.Final/quarkus-jsonp-1.1.1.Final.jar:/home/joaoseidel/.m2/repository/org/glassfish/jakarta.json/1.1.6/jakarta.json-1.1.6.jar:/home/joaoseidel/.m2/repository/org/jboss/jandex/2.1.2.Final/jandex-2.1.2.Final.jar:/home/joaoseidel/.m2/repository/org/junit/jupiter/junit-jupiter/5.5.2/junit-jupiter-5.5.2.jar:/home/joaoseidel/.m2/repository/org/junit/jupiter/junit-jupiter-api/5.5.2/junit-jupiter-api-5.5.2.jar:/home/joaoseidel/.m2/repository/org/apiguardian/apiguardian-api/1.1.0/apiguardian-api-1.1.0.jar:/home/joaoseidel/.m2/repository/org/opentest4j/opentest4j/1.2.0/opentest4j-1.2.0.jar:/home/joaoseidel/.m2/repository/org/junit/platform/junit-platform-commons/1.5.2/junit-platform-commons-1.5.2.jar:/home/joaoseidel/.m2/repository/org/junit/jupiter/junit-jupiter-params/5.5.2/junit-jupiter-params-5.5.2.jar:/home/joaoseidel/.m2/repository/org/junit/jupiter/junit-jupiter-engine/5.5.2/junit-jupiter-engine-5.5.2.jar:/home/joaoseidel/.m2/repository/org/junit/platform/junit-platform-engine/1.5.2/junit-platform-engine-1.5.2.jar:/home/joaoseidel/.m2/repository/io/quarkus/quarkus-core/1.1.1.Final/quarkus-core-1.1.1.Final.jar:/home/joaoseidel/.m2/repository/io/smallrye/config/smallrye-config/1.5.1/smallrye-config-1.5.1.jar:/home/joaoseidel/.m2/repository/org/jboss/logmanager/jboss-logmanager-embedded/1.0.4/jboss-logmanager-embedded-1.0.4.jar:/home/joaoseidel/.m2/repository/org/jboss/logging/jboss-logging-annotations/2.1.0.Final/jboss-logging-annotations-2.1.0.Final.jar:/home/joaoseidel/.m2/repository/org/jboss/threads/jboss-threads/3.0.0.Final/jboss-threads-3.0.0.Final.jar:/home/joaoseidel/.m2/repository/org/slf4j/slf4j-api/1.7.29/slf4j-api-1.7.29.jar:/home/joaoseidel/.m2/repository/org/jboss/slf4j/slf4j-jboss-logging/1.2.0.Final/slf4j-jboss-logging-1.2.0.Final.jar:/home/joaoseidel/.m2/repository/org/graalvm/sdk/graal-sdk/19.2.1/graal-sdk-19.2.1.jar:/home/joaoseidel/.m2/repository/org/wildfly/common/wildfly-common/1.5.0.Final-format-001/wildfly-common-1.5.0.Final-format-001.jar:/home/joaoseidel/.m2/repository/io/rest-assured/rest-assured/4.1.2/rest-assured-4.1.2.jar:/home/joaoseidel/.m2/repository/org/codehaus/groovy/groovy/2.5.8/groovy-2.5.8.jar:/home/joaoseidel/.m2/repository/org/codehaus/groovy/groovy-xml/2.5.8/groovy-xml-2.5.8.jar:/home/joaoseidel/.m2/repository/org/apache/httpcomponents/httpclient/4.5.10/httpclient-4.5.10.jar:/home/joaoseidel/.m2/repository/org/apache/httpcomponents/httpcore/4.4.12/httpcore-4.4.12.jar:/home/joaoseidel/.m2/repository/commons-codec/commons-codec/1.13/commons-codec-1.13.jar:/home/joaoseidel/.m2/repository/org/apache/httpcomponents/httpmime/4.5.3/httpmime-4.5.3.jar:/home/joaoseidel/.m2/repository/org/hamcrest/hamcrest/2.1/hamcrest-2.1.jar:/home/joaoseidel/.m2/repository/org/ccil/cowan/tagsoup/tagsoup/1.2.1/tagsoup-1.2.1.jar:/home/joaoseidel/.m2/repository/io/rest-assured/json-path/4.1.2/json-path-4.1.2.jar:/home/joaoseidel/.m2/repository/org/codehaus/groovy/groovy-json/2.5.8/groovy-json-2.5.8.jar:/home/joaoseidel/.m2/repository/io/rest-assured/rest-assured-common/4.1.2/rest-assured-common-4.1.2.jar:/home/joaoseidel/.m2/repository/io/rest-assured/xml-path/4.1.2/xml-path-4.1.2.jar:/home/joaoseidel/.m2/repository/javax/xml/bind/jaxb-api/2.3.1/jaxb-api-2.3.1.jar:/home/joaoseidel/.m2/repository/org/apache/sling/org.apache.sling.javax.activation/0.1.0/org.apache.sling.javax.activation-0.1.0.jar:/home/joaoseidel/.m2/repository/io/quarkus/quarkus-config-yaml/1.1.1.Final/quarkus-config-yaml-1.1.1.Final.jar:/home/joaoseidel/.m2/repository/io/smallrye/config/smallrye-config-source-yaml/1.5.1/smallrye-config-source-yaml-1.5.1.jar:/home/joaoseidel/.m2/repository/org/yaml/snakeyaml/1.25/snakeyaml-1.25.jar:/home/joaoseidel/.m2/repository/io/smallrye/config/smallrye-config-common/1.5.1/smallrye-config-common-1.5.1.jar:/home/joaoseidel/.m2/repository/org/eclipse/microprofile/config/microprofile-config-api/1.3/microprofile-config-api-1.3.jar:/home/joaoseidel/.m2/repository/io/quarkus/quarkus-hibernate-orm-panache/1.1.1.Final/quarkus-hibernate-orm-panache-1.1.1.Final.jar:/home/joaoseidel/.m2/repository/io/quarkus/quarkus-hibernate-orm/1.1.1.Final/quarkus-hibernate-orm-1.1.1.Final.jar:/home/joaoseidel/.m2/repository/io/quarkus/quarkus-agroal/1.1.1.Final/quarkus-agroal-1.1.1.Final.jar:/home/joaoseidel/.m2/repository/org/jboss/narayana/jta/narayana-jta/5.10.0.Final/narayana-jta-5.10.0.Final.jar:/home/joaoseidel/.m2/repository/org/jboss/jboss-transaction-spi/7.6.0.Final/jboss-transaction-spi-7.6.0.Final.jar:/home/joaoseidel/.m2/repository/org/jboss/spec/javax/resource/jboss-connector-api_1.7_spec/1.0.0.Final/jboss-connector-api_1.7_spec-1.0.0.Final.jar:/home/joaoseidel/.m2/repository/org/jboss/narayana/jts/narayana-jts-integration/5.10.0.Final/narayana-jts-integration-5.10.0.Final.jar:/home/joaoseidel/.m2/repository/io/agroal/agroal-api/1.7/agroal-api-1.7.jar:/home/joaoseidel/.m2/repository/io/agroal/agroal-narayana/1.7/agroal-narayana-1.7.jar:/home/joaoseidel/.m2/repository/io/agroal/agroal-pool/1.7/agroal-pool-1.7.jar:/home/joaoseidel/.m2/repository/io/quarkus/quarkus-vault-spi/1.1.1.Final/quarkus-vault-spi-1.1.1.Final.jar:/home/joaoseidel/.m2/repository/io/quarkus/quarkus-narayana-jta/1.1.1.Final/quarkus-narayana-jta-1.1.1.Final.jar:/home/joaoseidel/.m2/repository/io/smallrye/reactive/smallrye-reactive-streams-operators/1.0.10/smallrye-reactive-streams-operators-1.0.10.jar:/home/joaoseidel/.m2/repository/org/eclipse/microprofile/reactive-streams-operators/microprofile-reactive-streams-operators-api/1.0/microprofile-reactive-streams-operators-api-1.0.jar:/home/joaoseidel/.m2/repository/org/eclipse/microprofile/reactive-streams-operators/microprofile-reactive-streams-operators-core/1.0/microprofile-reactive-streams-operators-core-1.0.jar:/home/joaoseidel/.m2/repository/io/reactivex/rxjava2/rxjava/2.2.15/rxjava-2.2.15.jar:/home/joaoseidel/.m2/repository/io/smallrye/smallrye-context-propagation-jta/1.0.11/smallrye-context-propagation-jta-1.0.11.jar:/home/joaoseidel/.m2/repository/io/smallrye/reactive/smallrye-reactive-converter-api/1.0.10/smallrye-reactive-converter-api-1.0.10.jar:/home/joaoseidel/.m2/repository/org/hibernate/hibernate-core/5.4.10.Final/hibernate-core-5.4.10.Final.jar:/home/joaoseidel/.m2/repository/net/bytebuddy/byte-buddy/1.10.2/byte-buddy-1.10.2.jar:/home/joaoseidel/.m2/repository/antlr/antlr/2.7.7/antlr-2.7.7.jar:/home/joaoseidel/.m2/repository/com/fasterxml/classmate/1.3.4/classmate-1.3.4.jar:/home/joaoseidel/.m2/repository/org/dom4j/dom4j/2.1.1/dom4j-2.1.1.jar:/home/joaoseidel/.m2/repository/org/hibernate/common/hibernate-commons-annotations/5.1.0.Final/hibernate-commons-annotations-5.1.0.Final.jar:/home/joaoseidel/.m2/repository/jakarta/persistence/jakarta.persistence-api/2.2.3/jakarta.persistence-api-2.2.3.jar:/home/joaoseidel/.m2/repository/jakarta/transaction/jakarta.transaction-api/1.3.3/jakarta.transaction-api-1.3.3.jar:/home/joaoseidel/.m2/repository/org/hibernate/quarkus-local-cache/0.1.0/quarkus-local-cache-0.1.0.jar:/home/joaoseidel/.m2/repository/com/github/ben-manes/caffeine/caffeine/2.6.2/caffeine-2.6.2.jar:/home/joaoseidel/.m2/repository/io/quarkus/quarkus-caffeine/1.1.1.Final/quarkus-caffeine-1.1.1.Final.jar:/home/joaoseidel/.m2/repository/io/quarkus/quarkus-arc/1.1.1.Final/quarkus-arc-1.1.1.Final.jar:/home/joaoseidel/.m2/repository/io/quarkus/arc/arc/1.1.1.Final/arc-1.1.1.Final.jar:/home/joaoseidel/.m2/repository/org/eclipse/microprofile/context-propagation/microprofile-context-propagation-api/1.0.1/microprofile-context-propagation-api-1.0.1.jar:/home/joaoseidel/.m2/repository/io/quarkus/quarkus-panache-common/1.1.1.Final/quarkus-panache-common-1.1.1.Final.jar:/home/joaoseidel/.m2/repository/com/google/code/gson/gson/2.8.6/gson-2.8.6.jar:/home/joaoseidel/.m2/repository/io/quarkus/quarkus-jdbc-mysql/1.1.1.Final/quarkus-jdbc-mysql-1.1.1.Final.jar:/home/joaoseidel/.m2/repository/mysql/mysql-connector-java/8.0.18/mysql-connector-java-8.0.18.jar:/home/joaoseidel/.m2/repository/com/google/protobuf/protobuf-java/3.6.1/protobuf-java-3.6.1.jar:"/>
    <property name="sun.cpu.endian" value="little"/>
    <property name="user.home" value="/home/joaoseidel"/>
    <property name="user.language" value="en"/>
    <property name="java.specification.vendor" value="Oracle Corporation"/>
    <property name="java.home" value="/home/joaoseidel/.sdkman/candidates/java/8.0.232-open/jre"/>
    <property name="basedir" value="/home/joaoseidel/temp/sticker-meetings/backend"/>
    <property name="file.separator" value="/"/>
    <property name="line.separator" value="&#10;"/>
    <property name="java.vm.specification.vendor" value="Oracle Corporation"/>
    <property name="java.specification.name" value="Java Platform API Specification"/>
    <property name="java.awt.graphicsenv" value="sun.awt.X11GraphicsEnvironment"/>
    <property name="surefire.real.class.path" value="/home/joaoseidel/temp/sticker-meetings/backend/target/surefire/surefirebooter138406945242651599.jar"/>
    <property name="sun.boot.class.path" value="/home/joaoseidel/.sdkman/candidates/java/8.0.232-open/jre/lib/resources.jar:/home/joaoseidel/.sdkman/candidates/java/8.0.232-open/jre/lib/rt.jar:/home/joaoseidel/.sdkman/candidates/java/8.0.232-open/jre/lib/sunrsasign.jar:/home/joaoseidel/.sdkman/candidates/java/8.0.232-open/jre/lib/jsse.jar:/home/joaoseidel/.sdkman/candidates/java/8.0.232-open/jre/lib/jce.jar:/home/joaoseidel/.sdkman/candidates/java/8.0.232-open/jre/lib/charsets.jar:/home/joaoseidel/.sdkman/candidates/java/8.0.232-open/jre/lib/jfr.jar:/home/joaoseidel/.sdkman/candidates/java/8.0.232-open/jre/classes"/>
    <property name="sun.management.compiler" value="HotSpot 64-Bit Tiered Compilers"/>
    <property name="java.runtime.version" value="1.8.0_232-b09"/>
    <property name="user.name" value="joaoseidel"/>
    <property name="path.separator" value=":"/>
    <property name="os.version" value="5.4.11-arch1-1"/>
    <property name="java.endorsed.dirs" value="/home/joaoseidel/.sdkman/candidates/java/8.0.232-open/jre/lib/endorsed"/>
    <property name="java.runtime.name" value="OpenJDK Runtime Environment"/>
    <property name="file.encoding" value="UTF-8"/>
    <property name="java.vm.name" value="OpenJDK 64-Bit Server VM"/>
    <property name="localRepository" value="/home/joaoseidel/.m2/repository"/>
    <property name="java.vendor.url.bug" value="http://bugreport.sun.com/bugreport/"/>
    <property name="java.io.tmpdir" value="/tmp"/>
    <property name="java.version" value="1.8.0_232"/>
    <property name="user.dir" value="/home/joaoseidel/temp/sticker-meetings/backend"/>
    <property name="os.arch" value="amd64"/>
    <property name="java.vm.specification.name" value="Java Virtual Machine Specification"/>
    <property name="java.awt.printerjob" value="sun.print.PSPrinterJob"/>
    <property name="sun.os.patch.level" value="unknown"/>
    <property name="java.util.logging.manager" value="org.jboss.logmanager.LogManager"/>
    <property name="java.library.path" value="/usr/java/packages/lib/amd64:/usr/lib64:/lib64:/lib:/usr/lib"/>
    <property name="java.vm.info" value="mixed mode"/>
    <property name="java.vendor" value="Oracle Corporation"/>
    <property name="java.vm.version" value="25.232-b09"/>
    <property name="java.ext.dirs" value="/home/joaoseidel/.sdkman/candidates/java/8.0.232-open/jre/lib/ext:/usr/java/packages/lib/ext"/>
    <property name="sun.io.unicode.encoding" value="UnicodeLittle"/>
    <property name="java.class.version" value="52.0"/>
  </properties>
  <testcase name="testHelloEndpoint" classname="org.acme.ExampleResourceTest" time="1.079">
    <failure message="1 expectation failed.&#10;Expected status code &lt;200&gt; but was &lt;404&gt;.&#10;" type="java.lang.AssertionError"><![CDATA[java.lang.AssertionError: 
1 expectation failed.
Expected status code <200> but was <404>.

	at org.acme.ExampleResourceTest.testHelloEndpoint(ExampleResourceTest.java:17)
]]></failure>
    <system-out><![CDATA[2020-01-16 13:11:02,283 INFO  [org.hib.byt.enh.int.byt.BiDirectionalAssociationHandler] (main) Bi-directional association not managed for field [com.stickermeetings.models.Board#columns]: Could not find target field in [com.stickermeetings.models.Column]
2020-01-16 13:11:02,441 INFO  [org.hib.byt.enh.int.byt.BiDirectionalAssociationHandler] (main) Bi-directional association not managed for field [com.stickermeetings.models.Column#stickers]: Could not find target field in [com.stickermeetings.models.Sticker]
2020-01-16 13:11:03,619 WARN  [org.hib.map.RootClass] (main) HHH000038: Composite-id class does not override equals(): com.stickermeetings.models.Board
2020-01-16 13:11:03,619 WARN  [org.hib.map.RootClass] (main) HHH000039: Composite-id class does not override hashCode(): com.stickermeetings.models.Board
2020-01-16 13:11:03,620 WARN  [org.hib.map.RootClass] (main) HHH000038: Composite-id class does not override equals(): com.stickermeetings.models.Column
2020-01-16 13:11:03,620 WARN  [org.hib.map.RootClass] (main) HHH000039: Composite-id class does not override hashCode(): com.stickermeetings.models.Column
2020-01-16 13:11:03,621 WARN  [org.hib.map.RootClass] (main) HHH000038: Composite-id class does not override equals(): com.stickermeetings.models.Sticker
2020-01-16 13:11:03,621 WARN  [org.hib.map.RootClass] (main) HHH000039: Composite-id class does not override hashCode(): com.stickermeetings.models.Sticker
2020-01-16 13:11:04,175 INFO  [io.quarkus] (main) Quarkus 1.1.1.Final started in 1.575s. Listening on: http://0.0.0.0:8081
2020-01-16 13:11:04,175 INFO  [io.quarkus] (main) Profile test activated. 
2020-01-16 13:11:04,175 INFO  [io.quarkus] (main) Installed features: [agroal, cdi, config-yaml, hibernate-orm, hibernate-orm-panache, jdbc-mysql, narayana-jta, resteasy]
]]></system-out>
  </testcase>
</testsuite>